build/app/intermediates/manifest_merge_blame_file/release/manifest-merger-blame-release-report.txt
1<?xml version="1.0" encoding="utf-8"?>
2<manifest xmlns:android="http://schemas.android.com/apk/res/android"
3    package="com.example.qpi"
4    android:versionCode="1"
5    android:versionName="1.0.0" >
6
7    <uses-sdk
8        android:minSdkVersion="19"
8-->src\main\AndroidManifest.xml
9        android:targetSdkVersion="31" />
9-->src\main\AndroidManifest.xml
10
11    <uses-permission android:name="android.permission.INTERNET" />
11-->src\main\AndroidManifest.xml:3:5-66
11-->src\main\AndroidManifest.xml:3:22-64
12    <!-- Add this -->
13    <application
14        android:name="android.app.Application"
14-->src\main\AndroidManifest.xml:6:9-42
15        android:appComponentFactory="androidx.core.app.CoreComponentFactory"
15-->[androidx.core:core:1.6.0] AndroidManifest.xml:24:18-86
16        android:icon="@mipmap/ic_launcher"
16-->src\main\AndroidManifest.xml:7:9-43
17        android:label="QPI" >
17-->src\main\AndroidManifest.xml:5:9-28
18        <activity
18-->src\main\AndroidManifest.xml:8:9-38:20
19            android:name="com.example.qpi.MainActivity"
19-->src\main\AndroidManifest.xml:9:13-41
20            android:configChanges="orientation|keyboardHidden|keyboard|screenSize|smallestScreenSize|locale|layoutDirection|fontScale|screenLayout|density|uiMode"
20-->src\main\AndroidManifest.xml:13:13-163
21            android:exported="true"
21-->src\main\AndroidManifest.xml:10:13-36
22            android:hardwareAccelerated="true"
22-->src\main\AndroidManifest.xml:14:13-47
23            android:launchMode="singleTop"
23-->src\main\AndroidManifest.xml:11:13-43
24            android:theme="@style/LaunchTheme"
24-->src\main\AndroidManifest.xml:12:13-47
25            android:windowSoftInputMode="adjustResize" >
25-->src\main\AndroidManifest.xml:15:13-55
26
27            <!--
28                 Specifies an Android theme to apply to this Activity as soon as
29                 the Android process has started. This theme is visible to the user
30                 while the Flutter UI initializes. After that, this theme continues
31                 to determine the Window background behind the Flutter UI.
32            -->
33            <meta-data
33-->src\main\AndroidManifest.xml:20:13-23:17
34                android:name="io.flutter.embedding.android.NormalTheme"
34-->src\main\AndroidManifest.xml:21:15-70
35                android:resource="@style/NormalTheme" />
35-->src\main\AndroidManifest.xml:22:15-52
36
37            <intent-filter>
37-->src\main\AndroidManifest.xml:24:13-27:29
38                <action android:name="android.intent.action.MAIN" />
38-->src\main\AndroidManifest.xml:25:17-68
38-->src\main\AndroidManifest.xml:25:25-66
39
40                <category android:name="android.intent.category.LAUNCHER" />
40-->src\main\AndroidManifest.xml:26:17-76
40-->src\main\AndroidManifest.xml:26:27-74
41            </intent-filter>
42            <!-- If your app opens https URLs -->
43            <intent-filter>
43-->src\main\AndroidManifest.xml:29:13-32:29
44                <action android:name="android.intent.action.VIEW" />
44-->src\main\AndroidManifest.xml:30:17-69
44-->src\main\AndroidManifest.xml:30:25-66
45
46                <data android:scheme="https" />
46-->src\main\AndroidManifest.xml:31:17-48
46-->src\main\AndroidManifest.xml:31:23-45
47            </intent-filter>
48            <!-- If your app makes calls -->
49            <intent-filter>
49-->src\main\AndroidManifest.xml:34:13-37:29
50                <action android:name="android.intent.action.DIAL" />
50-->src\main\AndroidManifest.xml:35:17-69
50-->src\main\AndroidManifest.xml:35:25-66
51
52                <data android:scheme="tel" />
52-->src\main\AndroidManifest.xml:31:17-48
52-->src\main\AndroidManifest.xml:31:23-45
53            </intent-filter>
54        </activity>
55        <!--
56             Don't delete the meta-data below.
57             This is used by the Flutter tool to generate GeneratedPluginRegistrant.java
58        -->
59        <meta-data
59-->src\main\AndroidManifest.xml:41:9-43:33
60            android:name="flutterEmbedding"
60-->src\main\AndroidManifest.xml:42:13-44
61            android:value="2" />
61-->src\main\AndroidManifest.xml:43:13-30
62
63        <activity
63-->[:url_launcher_android] AndroidManifest.xml:8:9-11:74
64            android:name="io.flutter.plugins.urllauncher.WebViewActivity"
64-->[:url_launcher_android] AndroidManifest.xml:9:13-74
65            android:exported="false"
65-->[:url_launcher_android] AndroidManifest.xml:10:13-37
66            android:theme="@android:style/Theme.NoTitleBar.Fullscreen" />
66-->[:url_launcher_android] AndroidManifest.xml:11:13-71
67
68        <uses-library
68-->[androidx.window:window:1.0.0-beta04] AndroidManifest.xml:25:9-27:40
69            android:name="androidx.window.extensions"
69-->[androidx.window:window:1.0.0-beta04] AndroidManifest.xml:26:13-54
70            android:required="false" />
70-->[androidx.window:window:1.0.0-beta04] AndroidManifest.xml:27:13-37
71        <uses-library
71-->[androidx.window:window:1.0.0-beta04] AndroidManifest.xml:28:9-30:40
72            android:name="androidx.window.sidecar"
72-->[androidx.window:window:1.0.0-beta04] AndroidManifest.xml:29:13-51
73            android:required="false" />
73-->[androidx.window:window:1.0.0-beta04] AndroidManifest.xml:30:13-37
74    </application>
75
76</manifest>